<?xml version="1.0" encoding="UTF-8"?>
<testng-results ignored="0" total="1" passed="1" failed="0" skipped="0">
  <reporter-output>
  </reporter-output>
  <suite started-at="2026-03-25T14:09:46 IST" name="Default suite" finished-at="2026-03-25T14:10:07 IST" duration-ms="20641">
    <groups>
    </groups>
    <test started-at="2026-03-25T14:09:46 IST" name="Default test" finished-at="2026-03-25T14:10:07 IST" duration-ms="20641">
      <class name="Demo.CaptureScreenshot">
        <test-method signature="screenShot()[pri:0, instance:Demo.CaptureScreenshot@5fe94a96]" started-at="2026-03-25T14:09:46 IST" name="screenShot" finished-at="2026-03-25T14:10:07 IST" duration-ms="20602" status="PASS">
          <reporter-output>
          </reporter-output>
        </test-method> <!-- screenShot -->
      </class> <!-- Demo.CaptureScreenshot -->
    </test> <!-- Default test -->
  </suite> <!-- Default suite -->
</testng-results>
