<?xml version="1.0" encoding="UTF-8"?>
<!-- Generated by org.testng.reporters.JUnitReportReporter -->
<testsuite hostname="Sathya" failures="0" tests="1" name="practice.BaseClass" time="1.654" errors="0" timestamp="2026-03-11T13:58:31 IST" skipped="0">
  <testcase classname="practice.BaseClass" name="launchingBrowser" time="1.654"/>
  <system-out>
    <![CDATA[--Executing before Suite--
--Executing before Test--
--Executing before class--
--Executing After Method--
--Executing After Class--
--Executing After Test--
--Executing After Suite--]]>
  </system-out>
</testsuite> <!-- practice.BaseClass -->
