<?xml version="1.0" encoding="UTF-8"?>
<!-- Generated by org.testng.reporters.JUnitReportReporter -->
<testsuite hostname="Sathya" failures="0" tests="5" name="practice.WeeklyAssessment3" time="3.036" errors="0" timestamp="2026-03-13T13:57:33 IST" skipped="0">
  <testcase classname="practice.WeeklyAssessment3" name="ProductPageTest" time="0.076"/>
  <testcase classname="practice.WeeklyAssessment3" name="logInTest" time="1.357"/>
  <testcase classname="practice.WeeklyAssessment3" name="addToCartTest" time="0.488"/>
  <testcase classname="practice.WeeklyAssessment3" name="checkOutTest" time="0.787"/>
  <testcase classname="practice.WeeklyAssessment3" name="priceTest" time="0.328">
    <system-out>
      <![CDATA[Status: Pass Total: $43.18]]>
    </system-out>
  </testcase> <!-- priceTest -->
  <system-out>
    <![CDATA[Status: Pass Total: $43.18]]>
  </system-out>
</testsuite> <!-- practice.WeeklyAssessment3 -->
