<?xml version="1.0" encoding="UTF-8"?>
<!-- Generated by org.testng.reporters.JUnitReportReporter -->
<testsuite hostname="Sathya" failures="0" tests="2" name="practice.AddToCardTest" time="1.511" errors="0" timestamp="2026-03-11T14:14:23 IST" skipped="0">
  <testcase classname="practice.AddToCardTest" name="logInTest" time="1.260">
    <system-out>
      <![CDATA[Login Successfull]]>
    </system-out>
  </testcase> <!-- logInTest -->
  <testcase classname="practice.AddToCardTest" name="addToCartTest" time="0.251">
    <system-out>
      <![CDATA[The products has been  added to the cart sucessfully || True]]>
    </system-out>
  </testcase> <!-- addToCartTest -->
  <system-out>
    <![CDATA[--Executing before Suite--
--Executing before Test--
Login Successfull
--Executing After Method--
The products has been  added to the cart sucessfully || True
--Executing After Method--
--Executing After Test--
--Executing After Suite--]]>
  </system-out>
</testsuite> <!-- practice.AddToCardTest -->
