<?xml version="1.0" encoding="UTF-8"?>
<!-- Generated by org.testng.reporters.JUnitReportReporter -->
<testsuite hostname="Sathya" failures="0" tests="3" name="com.orangehrm.seleniumuiframework.pim6.AddTerminationReasonTest" time="29.991" errors="0" timestamp="2026-03-12T22:17:00 IST" skipped="0">
  <testcase classname="com.orangehrm.seleniumuiframework.pim6.AddTerminationReasonTest" name="logInTest" time="9.116"/>
  <testcase classname="com.orangehrm.seleniumuiframework.pim6.AddTerminationReasonTest" name="addTerminationReasonTest" time="19.172"/>
  <testcase classname="com.orangehrm.seleniumuiframework.pim6.AddTerminationReasonTest" name="logOutTest" time="1.703"/>
</testsuite> <!-- com.orangehrm.seleniumuiframework.pim6.AddTerminationReasonTest -->
