<?xml version="1.0" encoding="UTF-8"?>
<!-- Generated by org.testng.reporters.JUnitReportReporter -->
<testsuite hostname="Sathya" failures="0" tests="3" name="com.orangehrm.seleniumuiframework.pim.AddEmployeeTest" time="22.069" errors="0" timestamp="2026-03-12T20:04:29 IST" skipped="0">
  <testcase classname="com.orangehrm.seleniumuiframework.pim.AddEmployeeTest" name="logInTest" time="6.277"/>
  <testcase classname="com.orangehrm.seleniumuiframework.pim.AddEmployeeTest" name="addEmployeeTest" time="9.580"/>
  <testcase classname="com.orangehrm.seleniumuiframework.pim.AddEmployeeTest" name="empoleeVerification" time="6.212">
    <system-out>
      <![CDATA[Record Found]]>
    </system-out>
  </testcase> <!-- empoleeVerification -->
  <system-out>
    <![CDATA[Record Found]]>
  </system-out>
</testsuite> <!-- com.orangehrm.seleniumuiframework.pim.AddEmployeeTest -->
