<?xml version="1.0" encoding="UTF-8"?>
<!-- Generated by org.testng.reporters.JUnitReportReporter -->
<testsuite hostname="Sathya" failures="0" tests="1" name="com.orangehrm.seleniumuiframeword.recuritment3.CreateVacancyTest" time="75.568" errors="0" timestamp="2026-03-24T14:48:23 IST" skipped="0">
  <testcase classname="com.orangehrm.seleniumuiframeword.recuritment3.CreateVacancyTest" name="addVacancy" time="75.568"/>
  <system-out>
    <![CDATA[--Executing Before suit--
--Executing Before test--
--Executing Before class--
--Executing Before method--
--Executing After method--
--Executing After class--
--Executing After test--
--Executing After suit--]]>
  </system-out>
</testsuite> <!-- com.orangehrm.seleniumuiframeword.recuritment3.CreateVacancyTest -->
