<?xml version="1.0" encoding="UTF-8"?>
<!-- Generated by org.testng.reporters.JUnitReportReporter -->
<testsuite hostname="Sathya" failures="0" tests="1" name="Demo.PracticeBaseClass" time="62.704" errors="0" timestamp="2026-03-24T09:26:54 IST" skipped="0">
  <testcase classname="Demo.PracticeBaseClass" name="testMethod" time="62.704"/>
  <system-out>
    <![CDATA[--Executing Before suit--
--Executing Before test--
--Executing Before class--
--Executing Before method--
--Executing After method--
--Executing After class--
--Executing After test--
--Executing After suit--]]>
  </system-out>
</testsuite> <!-- Demo.PracticeBaseClass -->
