<?xml version="1.0" encoding="UTF-8"?>
<!-- Generated by org.testng.reporters.JUnitReportReporter -->
<testsuite hostname="Sathya" failures="0" tests="1" name="com.orangehrm.seleniumuiframework.recruitment.RecruitmentTest" time="55.141" errors="0" timestamp="2026-03-25T09:57:55 IST" skipped="0">
  <testcase classname="com.orangehrm.seleniumuiframework.recruitment.RecruitmentTest" name="addCadidateTest" time="55.141">
    <system-out>
      <![CDATA[Candidate verified successfully]]>
    </system-out>
  </testcase> <!-- addCadidateTest -->
  <system-out>
    <![CDATA[--Executing Before suit--
--Executing Before test--
--Executing Before class--
--Executing Before method--
Candidate verified successfully
--Executing After method--
--Executing After class--
--Executing After test--
--Executing After suit--]]>
  </system-out>
</testsuite> <!-- com.orangehrm.seleniumuiframework.recruitment.RecruitmentTest -->
