<?xml version="1.0" encoding="UTF-8"?>
<!-- Generated by org.testng.reporters.JUnitReportReporter -->
<testsuite hostname="Sathya" failures="0" tests="3" name="com.orangehrm.seleniumuiframework.recruitment_candidate.AddCandidateTest" time="29.666" errors="0" timestamp="2026-03-12T20:05:21 IST" skipped="0">
  <testcase classname="com.orangehrm.seleniumuiframework.recruitment_candidate.AddCandidateTest" name="logInTest" time="9.142"/>
  <testcase classname="com.orangehrm.seleniumuiframework.recruitment_candidate.AddCandidateTest" name="addCadidateTest" time="13.274"/>
  <testcase classname="com.orangehrm.seleniumuiframework.recruitment_candidate.AddCandidateTest" name="verifyCandidate" time="7.250">
    <system-out>
      <![CDATA[Record Not Found]]>
    </system-out>
  </testcase> <!-- verifyCandidate -->
  <system-out>
    <![CDATA[Record Not Found]]>
  </system-out>
</testsuite> <!-- com.orangehrm.seleniumuiframework.recruitment_candidate.AddCandidateTest -->
