<?xml version="1.0" encoding="UTF-8"?>
<!-- Generated by org.testng.reporters.JUnitReportReporter -->
<testsuite hostname="Sathya" failures="0" tests="4" name="selenium_testng_task1.AddEmployeeTest" time="51.272" errors="0" timestamp="2026-03-12T10:20:13 IST" skipped="0">
  <testcase classname="selenium_testng_task1.AddEmployeeTest" name="logInTest" time="6.979"/>
  <testcase classname="selenium_testng_task1.AddEmployeeTest" name="addEmployeeTest" time="35.135"/>
  <testcase classname="selenium_testng_task1.AddEmployeeTest" name="empoleeVerification" time="6.687"/>
  <testcase classname="selenium_testng_task1.AddEmployeeTest" name="logOutTest" time="2.471"/>
</testsuite> <!-- selenium_testng_task1.AddEmployeeTest -->
