<?xml version="1.0" encoding="UTF-8"?>
<!-- Generated by org.testng.reporters.JUnitReportReporter -->
<testsuite hostname="Sathya" failures="0" tests="1" name="com.orangehrm.seleniumuiframework.pim.PimTest" time="51.108" errors="0" timestamp="2026-03-25T10:32:47 IST" skipped="0">
  <testcase classname="com.orangehrm.seleniumuiframework.pim.PimTest" name="PIMtermination" time="51.108"/>
  <system-out>
    <![CDATA[--Executing Before suit--
--Executing Before test--
--Executing Before class--
--Executing Before method--
--Executing After method--
--Executing After class--
--Executing After test--
--Executing After suit--]]>
  </system-out>
</testsuite> <!-- com.orangehrm.seleniumuiframework.pim.PimTest -->
