<?xml version="1.0" encoding="UTF-8"?>
<!-- Generated by org.testng.reporters.JUnitReportReporter -->
<testsuite hostname="Sathya" failures="0" tests="4" name="selenium_testNG_task2.AddCandidateTest" time="29.875" errors="0" timestamp="2026-03-12T14:38:50 IST" skipped="0">
  <testcase classname="selenium_testNG_task2.AddCandidateTest" name="logInTest" time="6.116"/>
  <testcase classname="selenium_testNG_task2.AddCandidateTest" name="addCadidateTest" time="12.230"/>
  <testcase classname="selenium_testNG_task2.AddCandidateTest" name="verifyCandidate" time="9.202">
    <system-out>
      <![CDATA[Record Found]]>
    </system-out>
  </testcase> <!-- verifyCandidate -->
  <testcase classname="selenium_testNG_task2.AddCandidateTest" name="logOutTest" time="2.327"/>
  <system-out>
    <![CDATA[Record Found]]>
  </system-out>
</testsuite> <!-- selenium_testNG_task2.AddCandidateTest -->
